

times in msec
 clock   self+sourced   self:  sourced script
 clock   elapsed:              other lines

000.015  000.015: --- NVIM STARTING ---
001.145  001.130: locale set
001.763  000.618: inits 1
001.786  000.024: window checked
001.792  000.006: parsing arguments
002.197  000.405: expanding arguments
002.294  000.096: inits 2
003.187  000.893: init highlight
003.189  000.002: waiting for UI
005.582  002.392: done waiting for UI
005.641  000.060: initialized screen early for UI
006.225  000.059  000.059: sourcing /home/kris/.config/nvim/autoload/initself.vim
007.696  000.577  000.577: sourcing /home/kris/.cache/vim/dein/repos/github.com/Shougo/dein.vim/autoload/dein.vim
012.964  000.043  000.043: sourcing /usr/local/share/nvim/runtime/ftoff.vim
014.072  003.038  002.995: sourcing /home/kris/.cache/vim/dein/state_nvim.vim
023.725  000.019  000.019: sourcing /home/kris/.config/nvim/ftdetect/gnuplot.vim
023.782  000.015  000.015: sourcing /home/kris/.config/nvim/ftdetect/perl.vim
023.904  000.013  000.013: sourcing /home/kris/.cache/vim/dein/repos/github.com/nvim-treesitter/nvim-treesitter/ftdetect/gdscript.vim
023.940  000.016  000.016: sourcing /home/kris/.cache/vim/dein/repos/github.com/nvim-treesitter/nvim-treesitter/ftdetect/gomod.vim
023.989  000.033  000.033: sourcing /home/kris/.cache/vim/dein/repos/github.com/nvim-treesitter/nvim-treesitter/ftdetect/query.vim
024.211  000.177  000.177: sourcing /home/kris/.cache/vim/dein/.cache/init.vim/.dein/ftdetect/ftdetect.vim
024.513  010.296  010.023: sourcing /usr/local/share/nvim/runtime/filetype.vim
024.789  000.039  000.039: sourcing /home/kris/.cache/vim/dein/.cache/init.vim/.dein/ftplugin.vim
024.828  000.014  000.014: sourcing /usr/local/share/nvim/runtime/ftplugin.vim
025.091  000.035  000.035: sourcing /usr/local/share/nvim/runtime/indent.vim
025.913  000.457  000.457: sourcing /usr/local/share/nvim/runtime/syntax/syncolor.vim
026.204  000.827  000.370: sourcing /usr/local/share/nvim/runtime/syntax/synload.vim
026.294  000.997  000.170: sourcing /usr/local/share/nvim/runtime/syntax/syntax.vim
026.592  000.209  000.209: sourcing /home/kris/.cache/vim/dein/repos/github.com/Shougo/dein.vim/autoload/dein/autoload.vim
027.163  000.428  000.428: sourcing /home/kris/.cache/vim/dein/repos/github.com/Shougo/dein.vim/autoload/dein/util.vim
042.552  036.224  020.591: sourcing /home/kris/.config/nvim/core/dein.vim
043.578  000.962  000.962: sourcing /home/kris/.config/nvim/core/general.vim
043.807  000.171  000.171: sourcing /home/kris/.config/nvim/core/event.vim
044.509  000.643  000.643: sourcing /home/kris/.config/nvim/core/pmap.vim
044.805  000.245  000.245: sourcing /home/kris/.config/nvim/core/vmap.vim
044.928  000.092  000.092: sourcing /home/kris/.config/nvim/autoload/theme.vim
045.212  000.136  000.136: sourcing /usr/local/share/nvim/runtime/syntax/syncolor.vim
045.914  000.133  000.133: sourcing /usr/local/share/nvim/runtime/syntax/syncolor.vim
046.808  000.176  000.176: sourcing /usr/local/share/nvim/runtime/syntax/syncolor.vim
047.415  000.144  000.144: sourcing /usr/local/share/nvim/runtime/syntax/syncolor.vim
061.624  015.988  015.536: sourcing /home/kris/.cache/vim/dein/.cache/init.vim/.dein/colors/monokai.vim
061.778  055.852  001.333: sourcing /home/kris/.config/nvim/core/core.vim
061.785  055.944  000.092: sourcing /home/kris/.config/nvim/init.vim
061.788  000.203: sourcing vimrc file(s)
062.175  000.180  000.180: sourcing /home/kris/.config/nvim/plugin/difftools.vim
062.334  000.143  000.143: sourcing /home/kris/.config/nvim/plugin/hlsearch.vim
062.440  000.090  000.090: sourcing /home/kris/.config/nvim/plugin/nicefold.vim
062.597  000.143  000.143: sourcing /home/kris/.config/nvim/plugin/whitespace.vim
062.980  000.147  000.147: sourcing /home/kris/.cache/vim/dein/repos/github.com/neoclide/coc.nvim_release/autoload/coc/rpc.vim
063.713  000.627  000.627: sourcing /home/kris/.cache/vim/dein/repos/github.com/neoclide/coc.nvim_release/autoload/coc/util.vim
064.175  000.186  000.186: sourcing /home/kris/.cache/vim/dein/repos/github.com/neoclide/coc.nvim_release/autoload/coc/client.vim
069.662  006.957  005.997: sourcing /home/kris/.cache/vim/dein/repos/github.com/neoclide/coc.nvim_release/plugin/coc.vim
072.016  002.128  002.128: sourcing /home/kris/.cache/vim/dein/repos/github.com/nvim-treesitter/nvim-treesitter/plugin/nvim-treesitter.vim
072.189  000.047  000.047: sourcing /home/kris/.cache/vim/dein/.cache/init.vim/.dein/plugin/colorizer.vim
072.714  000.507  000.507: sourcing /home/kris/.cache/vim/dein/.cache/init.vim/.dein/plugin/dashboard.vim
073.278  000.541  000.541: sourcing /home/kris/.cache/vim/dein/.cache/init.vim/.dein/plugin/nvim-treesitter-refactor.vim
075.133  001.833  001.833: sourcing /home/kris/.cache/vim/dein/.cache/init.vim/.dein/plugin/webdevicons.vim
075.377  000.016  000.016: sourcing /usr/local/share/nvim/runtime/plugin/gzip.vim
075.403  000.011  000.011: sourcing /usr/local/share/nvim/runtime/plugin/health.vim
075.504  000.086  000.086: sourcing /usr/local/share/nvim/runtime/plugin/man.vim
075.531  000.012  000.012: sourcing /usr/local/share/nvim/runtime/plugin/matchit.vim
075.558  000.011  000.011: sourcing /usr/local/share/nvim/runtime/plugin/matchparen.vim
075.590  000.017  000.017: sourcing /usr/local/share/nvim/runtime/plugin/netrwPlugin.vim
076.095  000.189  000.189: sourcing /usr/local/share/nvim/runtime/autoload/remote/host.vim
076.395  000.148  000.148: sourcing /usr/local/share/nvim/runtime/autoload/remote/define.vim
076.475  000.753  000.416: sourcing /home/kris/.local/share/nvim/rplugin.vim
076.480  000.876  000.123: sourcing /usr/local/share/nvim/runtime/plugin/rplugin.vim
076.648  000.147  000.147: sourcing /usr/local/share/nvim/runtime/plugin/shada.vim
076.701  000.029  000.029: sourcing /usr/local/share/nvim/runtime/plugin/spellfile.vim
076.747  000.017  000.017: sourcing /usr/local/share/nvim/runtime/plugin/tarPlugin.vim
076.775  000.011  000.011: sourcing /usr/local/share/nvim/runtime/plugin/tohtml.vim
076.814  000.025  000.025: sourcing /usr/local/share/nvim/runtime/plugin/tutor.vim
076.850  000.017  000.017: sourcing /usr/local/share/nvim/runtime/plugin/zipPlugin.vim
076.870  001.239: loading plugins
076.986  000.116: loading packages
077.104  000.118: loading after plugins
077.123  000.019: inits 3
077.663  000.539: reading ShaDa
077.889  000.227: opening buffers
077.906  000.017: BufEnter autocommands
077.909  000.003: editing files in windows
078.521  000.142  000.142: sourcing /home/kris/.cache/vim/dein/.cache/init.vim/.dein/autoload/dashboard.vim
078.690  000.021  000.021: sourcing /home/kris/.cache/vim/dein/.cache/init.vim/.dein/autoload/dashboard/utils.vim
079.078  000.048  000.048: sourcing /home/kris/.cache/vim/dein/.cache/init.vim/.dein/autoload/dashboard/header.vim
079.718  000.114  000.114: sourcing /home/kris/.cache/vim/dein/.cache/init.vim/.dein/autoload/dashboard/section.vim
081.096  000.199  000.199: sourcing /usr/local/share/nvim/runtime/autoload/provider/clipboard.vim
083.390  000.103  000.103: sourcing /home/kris/.cache/vim/dein/.cache/init.vim/.dein/syntax/dashboard.vim
087.715  009.180: VimEnter autocommands
087.724  000.009: UIEnter autocommands
087.729  000.004: before starting main loop
088.589  000.768  000.768: sourcing /home/kris/.cache/vim/dein/repos/github.com/neoclide/coc.nvim_release/autoload/coc/float.vim
090.472  001.975: first screen update
090.476  000.004: --- NVIM STARTED ---
